app/build/intermediates/manifest_merge_blame_file/debug/manifest-merger-blame-debug-report.txt
1<?xml version="1.0" encoding="utf-8"?>
2<manifest xmlns:android="http://schemas.android.com/apk/res/android"
3    package="com.shahin.notesapplication"
4    android:versionCode="1"
5    android:versionName="1.0" >
6
7    <uses-sdk
8        android:minSdkVersion="19"
8-->src\main\AndroidManifest.xml
9        android:targetSdkVersion="33" />
9-->src\main\AndroidManifest.xml
10
11    <permission
11-->[androidx.core:core:1.9.0] AndroidManifest.xml:22:5-24:47
12        android:name="com.shahin.notesapplication.DYNAMIC_RECEIVER_NOT_EXPORTED_PERMISSION"
12-->[androidx.core:core:1.9.0] AndroidManifest.xml:23:9-81
13        android:protectionLevel="signature" />
13-->[androidx.core:core:1.9.0] AndroidManifest.xml:24:9-44
14
15    <uses-permission android:name="com.shahin.notesapplication.DYNAMIC_RECEIVER_NOT_EXPORTED_PERMISSION" />
15-->[androidx.core:core:1.9.0] AndroidManifest.xml:26:5-97
15-->[androidx.core:core:1.9.0] AndroidManifest.xml:26:22-94
16
17    <application
17-->src\main\AndroidManifest.xml:5:5-42:19
18        android:allowBackup="true"
18-->src\main\AndroidManifest.xml:6:9-35
19        android:appComponentFactory="androidx.core.app.CoreComponentFactory"
19-->[androidx.core:core:1.9.0] AndroidManifest.xml:28:18-86
20        android:debuggable="true"
21        android:icon="@mipmap/ic_launcher"
21-->src\main\AndroidManifest.xml:7:9-43
22        android:label="Class Room Attendance"
22-->src\main\AndroidManifest.xml:8:9-46
23        android:roundIcon="@mipmap/ic_launcher_round"
23-->src\main\AndroidManifest.xml:9:9-54
24        android:supportsRtl="true"
24-->src\main\AndroidManifest.xml:10:9-35
25        android:theme="@style/AppTheme" >
25-->src\main\AndroidManifest.xml:11:9-40
26        <activity
26-->src\main\AndroidManifest.xml:12:9-16:15
27            android:name="com.shahin.classroomattendance.Reports_Detail_Activity"
27-->src\main\AndroidManifest.xml:13:13-82
28            android:exported="true"
28-->src\main\AndroidManifest.xml:15:13-36
29            android:theme="@style/AppTheme2" />
29-->src\main\AndroidManifest.xml:14:13-45
30        <activity
30-->src\main\AndroidManifest.xml:17:9-20:15
31            android:name="com.shahin.classroomattendance.Reports_Activity"
31-->src\main\AndroidManifest.xml:17:19-81
32            android:exported="true" />
32-->src\main\AndroidManifest.xml:18:13-36
33        <activity
33-->src\main\AndroidManifest.xml:21:9-25:15
34            android:name="com.shahin.classroomattendance.ClassDetail_Activity"
34-->src\main\AndroidManifest.xml:22:13-79
35            android:exported="true"
35-->src\main\AndroidManifest.xml:24:13-36
36            android:theme="@style/FullScreenTheme" />
36-->src\main\AndroidManifest.xml:23:13-51
37        <activity
37-->src\main\AndroidManifest.xml:26:9-31:15
38            android:name="com.shahin.classroomattendance.Insert_class_Activity"
38-->src\main\AndroidManifest.xml:27:13-80
39            android:exported="true"
39-->src\main\AndroidManifest.xml:29:13-36
40            android:theme="@style/AppTheme2" />
40-->src\main\AndroidManifest.xml:28:13-45
41        <activity
41-->src\main\AndroidManifest.xml:32:9-41:20
42            android:name="com.shahin.classroomattendance.MainActivity"
42-->src\main\AndroidManifest.xml:32:19-77
43            android:exported="true" >
43-->src\main\AndroidManifest.xml:34:13-36
44            <intent-filter>
44-->src\main\AndroidManifest.xml:36:13-40:29
45                <action android:name="android.intent.action.MAIN" />
45-->src\main\AndroidManifest.xml:37:17-69
45-->src\main\AndroidManifest.xml:37:25-66
46
47                <category android:name="android.intent.category.LAUNCHER" />
47-->src\main\AndroidManifest.xml:39:17-77
47-->src\main\AndroidManifest.xml:39:27-74
48            </intent-filter>
49        </activity>
50
51        <provider
51-->[androidx.emoji2:emoji2:1.2.0] AndroidManifest.xml:24:9-32:20
52            android:name="androidx.startup.InitializationProvider"
52-->[androidx.emoji2:emoji2:1.2.0] AndroidManifest.xml:25:13-67
53            android:authorities="com.shahin.notesapplication.androidx-startup"
53-->[androidx.emoji2:emoji2:1.2.0] AndroidManifest.xml:26:13-68
54            android:exported="false" >
54-->[androidx.emoji2:emoji2:1.2.0] AndroidManifest.xml:27:13-37
55            <meta-data
55-->[androidx.emoji2:emoji2:1.2.0] AndroidManifest.xml:29:13-31:52
56                android:name="androidx.emoji2.text.EmojiCompatInitializer"
56-->[androidx.emoji2:emoji2:1.2.0] AndroidManifest.xml:30:17-75
57                android:value="androidx.startup" />
57-->[androidx.emoji2:emoji2:1.2.0] AndroidManifest.xml:31:17-49
58            <meta-data
58-->[androidx.lifecycle:lifecycle-process:2.4.1] AndroidManifest.xml:31:13-33:52
59                android:name="androidx.lifecycle.ProcessLifecycleInitializer"
59-->[androidx.lifecycle:lifecycle-process:2.4.1] AndroidManifest.xml:32:17-78
60                android:value="androidx.startup" />
60-->[androidx.lifecycle:lifecycle-process:2.4.1] AndroidManifest.xml:33:17-49
61        </provider>
62    </application>
63
64</manifest>